[1/9] Performing build step for 'bootloader'
[1/1] cmd.exe /C "cd /D D:\mcpwm_class\examples\mcpwm_class-example\build\bootloader\esp-idf\esptool_py && C:\Users\vaquettg\.espressif\python_env\idf5.2_py3.11_env\Scripts\python.exe C:/Users/vaquettg/esp/v5.2.1/esp-idf/components/partition_table/check_sizes.py --offset 0x8000 bootloader 0x1000 D:/mcpwm_class/examples/mcpwm_class-example/build/bootloader/bootloader.bin"
Bootloader binary size 0x6860 bytes. 0x7a0 bytes (7%) free.
[2/7] Building CXX object esp-idf/mcpwm_class/CMakeFiles/__idf_mcpwm_class.dir/COperator.cpp.obj
In file included from D:/mcpwm_class/include/COperator.hpp:6,
                 from D:/mcpwm_class/COperator.cpp:1:
D:/mcpwm_class/include/CDeadtime.hpp:25:5: warning: missing initializer for member 'mcpwm_dead_time_config_t::flags' [-Wmissing-field-initializers]
   25 |     };
      |     ^
D:/mcpwm_class/COperator.cpp: In function 'void dead_time_config(mcpwm_gen_handle_t, mcpwm_gen_handle_t)':
D:/mcpwm_class/COperator.cpp:16:5: warning: missing initializer for member 'mcpwm_dead_time_config_t::flags' [-Wmissing-field-initializers]
   16 |     };
      |     ^
D:/mcpwm_class/COperator.cpp: At global scope:
D:/mcpwm_class/COperator.cpp:11:13: warning: 'void dead_time_config(mcpwm_gen_handle_t, mcpwm_gen_handle_t)' defined but not used [-Wunused-function]
   11 | static void dead_time_config(mcpwm_gen_handle_t gena, mcpwm_gen_handle_t genb)
      |             ^~~~~~~~~~~~~~~~
D:/mcpwm_class/COperator.cpp:3:13: warning: 'void gen_action_config(mcpwm_gen_handle_t, mcpwm_gen_handle_t, mcpwm_cmpr_handle_t, mcpwm_cmpr_handle_t)' defined but not used [-Wunused-function]
    3 | static void gen_action_config(mcpwm_gen_handle_t gena, mcpwm_gen_handle_t genb, mcpwm_cmpr_handle_t cmpa, mcpwm_cmpr_handle_t cmpb)
      |             ^~~~~~~~~~~~~~~~~
[3/7] Linking C static library esp-idf\mcpwm_class\libmcpwm_class.a
[4/7] Generating ld/sections.ld
[5/7] Linking CXX executable mcpwm_class-example.elf
FAILED: mcpwm_class-example.elf 
cmd.exe /C "cd . && C:\Users\vaquettg\.espressif\tools\xtensa-esp-elf\esp-13.2.0_20230928\xtensa-esp-elf\bin\xtensa-esp32-elf-g++.exe -mlongcalls -Wno-frame-address -Wl,--cref -Wl,--defsym=IDF_TARGET_ESP32=0 -Wl,--Map=D:/mcpwm_class/examples/mcpwm_class-example/build/mcpwm_class-example.map -Wl,--no-warn-rwx-segments -fno-rtti -fno-lto -Wl,--gc-sections -Wl,--warn-common -T esp32.peripherals.ld -T esp32.rom.ld -T esp32.rom.api.ld -T esp32.rom.libgcc.ld -T esp32.rom.newlib-data.ld -T esp32.rom.syscalls.ld -T esp32.rom.newlib-funcs.ld -T memory.ld -T sections.ld @CMakeFiles\mcpwm_class-example.elf.rsp -o mcpwm_class-example.elf  && cd ."
C:/Users/vaquettg/.espressif/tools/xtensa-esp-elf/esp-13.2.0_20230928/xtensa-esp-elf/bin/../lib/gcc/xtensa-esp-elf/13.2.0/../../../../xtensa-esp-elf/bin/ld.exe: esp-idf/mcpwm_class/libmcpwm_class.a(COperator.cpp.obj):(.literal._ZN9COperatorC2Ev+0x0): undefined reference to `vtable for COperator'
collect2.exe: error: ld returned 1 exit status
ninja: build stopped: subcommand failed.
